<?xml version="1.0" encoding="UTF-8"?>
<testng-results skipped="0" failed="0" total="1" passed="1">
  <reporter-output>
  </reporter-output>
  <suite name="Default suite" duration-ms="18570" started-at="2019-01-26T13:31:47Z" finished-at="2019-01-26T13:32:06Z">
    <groups>
      <group name="cucumber">
        <method signature="TestNGRunner.feature(cucumber.api.testng.CucumberFeatureWrapper)[pri:0, instance:testRunner.TestNGRunner@cd2dae5]" name="feature" class="testRunner.TestNGRunner"/>
      </group> <!-- cucumber -->
    </groups>
    <test name="Default test" duration-ms="18570" started-at="2019-01-26T13:31:47Z" finished-at="2019-01-26T13:32:06Z">
      <class name="testRunner.TestNGRunner">
        <test-method status="PASS" signature="setUp()[pri:0, instance:testRunner.TestNGRunner@cd2dae5]" name="setUp" is-config="true" duration-ms="278" started-at="2019-01-26T21:31:47Z" finished-at="2019-01-26T21:31:48Z">
          <reporter-output>
          </reporter-output>
        </test-method> <!-- setUp -->
        <test-method status="PASS" signature="feature(cucumber.api.testng.CucumberFeatureWrapper)[pri:0, instance:testRunner.TestNGRunner@cd2dae5]" name="feature" duration-ms="18175" started-at="2019-01-26T21:31:48Z" description="run cucumber feature" data-provider="features" finished-at="2019-01-26T21:32:06Z">
          <params>
            <param index="0">
              <value>
                <![CDATA[Login test]]>
              </value>
            </param>
          </params>
          <reporter-output>
          </reporter-output>
        </test-method> <!-- feature -->
        <test-method status="PASS" signature="tearDown()[pri:0, instance:testRunner.TestNGRunner@cd2dae5]" name="tearDown" is-config="true" duration-ms="10" started-at="2019-01-26T21:32:06Z" finished-at="2019-01-26T21:32:06Z">
          <reporter-output>
          </reporter-output>
        </test-method> <!-- tearDown -->
      </class> <!-- testRunner.TestNGRunner -->
    </test> <!-- Default test -->
  </suite> <!-- Default suite -->
</testng-results>
