<?xml version="1.0" encoding="UTF-8"?>
<testng-results skipped="0" failed="0" total="0" passed="0">
  <reporter-output>
  </reporter-output>
  <suite name="SeleniumSampleProject.SeleniumSampleProject.AppTest" duration-ms="2" started-at="2019-01-21T12:23:15Z" finished-at="2019-01-21T12:23:15Z">
    <groups>
    </groups>
    <test name="Command line test" duration-ms="2" started-at="2019-01-21T12:23:15Z" finished-at="2019-01-21T12:23:15Z">
    </test> <!-- Command line test -->
  </suite> <!-- SeleniumSampleProject.SeleniumSampleProject.AppTest -->
</testng-results>
