<?xml version="1.0" encoding="UTF-8"?>
<testng-results skipped="0" failed="0" total="1" passed="1">
  <reporter-output>
  </reporter-output>
  <suite name="Command line suite" duration-ms="42" started-at="2019-01-21T12:45:38Z" finished-at="2019-01-21T12:45:38Z">
    <groups>
    </groups>
    <test name="Command line test" duration-ms="42" started-at="2019-01-21T12:45:38Z" finished-at="2019-01-21T12:45:38Z">
      <class name="SeleniumSampleProject.SeleniumSampleProject.AppTest">
        <test-method status="PASS" signature="testApp()[pri:0, instance:testApp(SeleniumSampleProject.SeleniumSampleProject.AppTest)]" name="testApp" duration-ms="4" started-at="2019-01-21T20:45:38Z" finished-at="2019-01-21T20:45:38Z">
          <reporter-output>
          </reporter-output>
        </test-method> <!-- testApp -->
      </class> <!-- SeleniumSampleProject.SeleniumSampleProject.AppTest -->
    </test> <!-- Command line test -->
  </suite> <!-- Command line suite -->
</testng-results>
