@login
Feature: Login test

  Background: check login                                   # features/Login.feature:5
    Given I open website "https://www.phptravels.net/admin" # Cucumber1_stepDefs.i_open_website(String)
    And I login as admin                                    # LoginFeature.login()
      org.picocontainer.injectors.AbstractInjector$UnsatisfiableDependenciesException: step_definitions.LoginFeature has unsatisfied dependency 'interface org.openqa.selenium.WebDriver' for constructor 'public step_definitions.LoginFeature(org.openqa.selenium.WebDriver)' from org.picocontainer.DefaultPicoContainer@24f43aa3:4<|
      	at org.picocontainer.injectors.ConstructorInjector.getGreediestSatisfiableConstructor(ConstructorInjector.java:191)
      	at org.picocontainer.injectors.ConstructorInjector.getGreediestSatisfiableConstructor(ConstructorInjector.java:110)
      	at org.picocontainer.injectors.ConstructorInjector.access$100(ConstructorInjector.java:51)
      	at org.picocontainer.injectors.ConstructorInjector$1.run(ConstructorInjector.java:331)
      	at org.picocontainer.injectors.AbstractInjector$ThreadLocalCyclicDependencyGuard.observe(AbstractInjector.java:270)
      	at org.picocontainer.injectors.ConstructorInjector.getComponentInstance(ConstructorInjector.java:364)
      	at org.picocontainer.behaviors.AbstractBehavior.getComponentInstance(AbstractBehavior.java:64)
      	at org.picocontainer.behaviors.Stored.getComponentInstance(Stored.java:91)
      	at org.picocontainer.DefaultPicoContainer.getInstance(DefaultPicoContainer.java:699)
      	at org.picocontainer.DefaultPicoContainer.getComponent(DefaultPicoContainer.java:647)
      	at org.picocontainer.DefaultPicoContainer.getComponent(DefaultPicoContainer.java:678)
      	at cucumber.runtime.java.picocontainer.PicoFactory.getInstance(PicoFactory.java:37)
      	at cucumber.runtime.java.JavaStepDefinition.execute(JavaStepDefinition.java:38)
      	at cucumber.runtime.StepDefinitionMatch.runStep(StepDefinitionMatch.java:37)
      	at cucumber.runtime.Runtime.runStep(Runtime.java:299)
      	at cucumber.runtime.model.StepContainer.runStep(StepContainer.java:44)
      	at cucumber.runtime.model.StepContainer.runSteps(StepContainer.java:39)
      	at cucumber.runtime.model.CucumberScenario.runBackground(CucumberScenario.java:59)
      	at cucumber.runtime.model.CucumberScenario.run(CucumberScenario.java:42)
      	at cucumber.runtime.junit.ExecutionUnitRunner.run(ExecutionUnitRunner.java:91)
      	at cucumber.runtime.junit.FeatureRunner.runChild(FeatureRunner.java:63)
      	at cucumber.runtime.junit.FeatureRunner.runChild(FeatureRunner.java:18)
      	at org.junit.runners.ParentRunner$3.run(ParentRunner.java:290)
      	at org.junit.runners.ParentRunner$1.schedule(ParentRunner.java:71)
      	at org.junit.runners.ParentRunner.runChildren(ParentRunner.java:288)
      	at org.junit.runners.ParentRunner.access$000(ParentRunner.java:58)
      	at org.junit.runners.ParentRunner$2.evaluate(ParentRunner.java:268)
      	at org.junit.runners.ParentRunner.run(ParentRunner.java:363)
      	at cucumber.runtime.junit.FeatureRunner.run(FeatureRunner.java:70)
      	at cucumber.api.junit.Cucumber.runChild(Cucumber.java:93)
      	at cucumber.api.junit.Cucumber.runChild(Cucumber.java:37)
      	at org.junit.runners.ParentRunner$3.run(ParentRunner.java:290)
      	at org.junit.runners.ParentRunner$1.schedule(ParentRunner.java:71)
      	at org.junit.runners.ParentRunner.runChildren(ParentRunner.java:288)
      	at org.junit.runners.ParentRunner.access$000(ParentRunner.java:58)
      	at org.junit.runners.ParentRunner$2.evaluate(ParentRunner.java:268)
      	at org.junit.runners.ParentRunner.run(ParentRunner.java:363)
      	at cucumber.api.junit.Cucumber.run(Cucumber.java:98)
      	at org.junit.runner.JUnitCore.run(JUnitCore.java:137)
      	at org.junit.runner.JUnitCore.run(JUnitCore.java:115)
      	at org.testng.junit.JUnit4TestRunner.start(JUnit4TestRunner.java:81)
      	at org.testng.junit.JUnit4TestRunner.run(JUnit4TestRunner.java:69)
      	at org.testng.TestRunner$1.run(TestRunner.java:686)
      	at org.testng.TestRunner.runWorkers(TestRunner.java:1010)
      	at org.testng.TestRunner.privateRunJUnit(TestRunner.java:717)
      	at org.testng.TestRunner.run(TestRunner.java:618)
      	at org.testng.SuiteRunner.runTest(SuiteRunner.java:357)
      	at org.testng.SuiteRunner.runSequentially(SuiteRunner.java:352)
      	at org.testng.SuiteRunner.privateRun(SuiteRunner.java:310)
      	at org.testng.SuiteRunner.run(SuiteRunner.java:259)
      	at org.testng.SuiteRunnerWorker.runSuite(SuiteRunnerWorker.java:52)
      	at org.testng.SuiteRunnerWorker.run(SuiteRunnerWorker.java:86)
      	at org.testng.TestNG.runSuitesSequentially(TestNG.java:1199)
      	at org.testng.TestNG.runSuitesLocally(TestNG.java:1124)
      	at org.testng.TestNG.run(TestNG.java:1032)
      	at org.apache.maven.surefire.testng.TestNGExecutor.run(TestNGExecutor.java:132)
      	at org.apache.maven.surefire.testng.TestNGDirectoryTestSuite.executeSingleClass(TestNGDirectoryTestSuite.java:112)
      	at org.apache.maven.surefire.testng.TestNGDirectoryTestSuite.execute(TestNGDirectoryTestSuite.java:99)
      	at org.apache.maven.surefire.testng.TestNGProvider.invoke(TestNGProvider.java:147)
      	at org.apache.maven.surefire.booter.ForkedBooter.invokeProviderInSameClassLoader(ForkedBooter.java:290)
      	at org.apache.maven.surefire.booter.ForkedBooter.runSuitesInProcess(ForkedBooter.java:242)
      	at org.apache.maven.surefire.booter.ForkedBooter.main(ForkedBooter.java:121)
      	at ✽.And I login as admin(features/Login.feature:7)

Current Page URL is https://www.phptravels.net/admin

  Scenario: update profile - read data from excel      # features/Login.feature:9
    When I click Profile                               # Dashboard.i_click_general()
    And I update profile data                          # Dashboard.should_expand()
    Then I should see success message "CHANGES SAVED!" # Dashboard.i_should_see(String)

  Background: check login                                   # features/Login.feature:5
    Given I open website "https://www.phptravels.net/admin" # Cucumber1_stepDefs.i_open_website(String)
    And I login as admin                                    # LoginFeature.login()
      org.picocontainer.injectors.AbstractInjector$UnsatisfiableDependenciesException: step_definitions.LoginFeature has unsatisfied dependency 'interface org.openqa.selenium.WebDriver' for constructor 'public step_definitions.LoginFeature(org.openqa.selenium.WebDriver)' from org.picocontainer.DefaultPicoContainer@27a0a5a2:4<|
      	at org.picocontainer.injectors.ConstructorInjector.getGreediestSatisfiableConstructor(ConstructorInjector.java:191)
      	at org.picocontainer.injectors.ConstructorInjector.getGreediestSatisfiableConstructor(ConstructorInjector.java:110)
      	at org.picocontainer.injectors.ConstructorInjector.access$100(ConstructorInjector.java:51)
      	at org.picocontainer.injectors.ConstructorInjector$1.run(ConstructorInjector.java:331)
      	at org.picocontainer.injectors.AbstractInjector$ThreadLocalCyclicDependencyGuard.observe(AbstractInjector.java:270)
      	at org.picocontainer.injectors.ConstructorInjector.getComponentInstance(ConstructorInjector.java:364)
      	at org.picocontainer.behaviors.AbstractBehavior.getComponentInstance(AbstractBehavior.java:64)
      	at org.picocontainer.behaviors.Stored.getComponentInstance(Stored.java:91)
      	at org.picocontainer.DefaultPicoContainer.getInstance(DefaultPicoContainer.java:699)
      	at org.picocontainer.DefaultPicoContainer.getComponent(DefaultPicoContainer.java:647)
      	at org.picocontainer.DefaultPicoContainer.getComponent(DefaultPicoContainer.java:678)
      	at cucumber.runtime.java.picocontainer.PicoFactory.getInstance(PicoFactory.java:37)
      	at cucumber.runtime.java.JavaStepDefinition.execute(JavaStepDefinition.java:38)
      	at cucumber.runtime.StepDefinitionMatch.runStep(StepDefinitionMatch.java:37)
      	at cucumber.runtime.Runtime.runStep(Runtime.java:299)
      	at cucumber.runtime.model.StepContainer.runStep(StepContainer.java:44)
      	at cucumber.runtime.model.StepContainer.runSteps(StepContainer.java:39)
      	at cucumber.runtime.model.CucumberScenario.runBackground(CucumberScenario.java:59)
      	at cucumber.runtime.model.CucumberScenario.run(CucumberScenario.java:42)
      	at cucumber.runtime.junit.ExecutionUnitRunner.run(ExecutionUnitRunner.java:91)
      	at cucumber.runtime.junit.FeatureRunner.runChild(FeatureRunner.java:63)
      	at cucumber.runtime.junit.FeatureRunner.runChild(FeatureRunner.java:18)
      	at org.junit.runners.ParentRunner$3.run(ParentRunner.java:290)
      	at org.junit.runners.ParentRunner$1.schedule(ParentRunner.java:71)
      	at org.junit.runners.ParentRunner.runChildren(ParentRunner.java:288)
      	at org.junit.runners.ParentRunner.access$000(ParentRunner.java:58)
      	at org.junit.runners.ParentRunner$2.evaluate(ParentRunner.java:268)
      	at org.junit.runners.ParentRunner.run(ParentRunner.java:363)
      	at cucumber.runtime.junit.FeatureRunner.run(FeatureRunner.java:70)
      	at cucumber.api.junit.Cucumber.runChild(Cucumber.java:93)
      	at cucumber.api.junit.Cucumber.runChild(Cucumber.java:37)
      	at org.junit.runners.ParentRunner$3.run(ParentRunner.java:290)
      	at org.junit.runners.ParentRunner$1.schedule(ParentRunner.java:71)
      	at org.junit.runners.ParentRunner.runChildren(ParentRunner.java:288)
      	at org.junit.runners.ParentRunner.access$000(ParentRunner.java:58)
      	at org.junit.runners.ParentRunner$2.evaluate(ParentRunner.java:268)
      	at org.junit.runners.ParentRunner.run(ParentRunner.java:363)
      	at cucumber.api.junit.Cucumber.run(Cucumber.java:98)
      	at org.junit.runner.JUnitCore.run(JUnitCore.java:137)
      	at org.junit.runner.JUnitCore.run(JUnitCore.java:115)
      	at org.testng.junit.JUnit4TestRunner.start(JUnit4TestRunner.java:81)
      	at org.testng.junit.JUnit4TestRunner.run(JUnit4TestRunner.java:69)
      	at org.testng.TestRunner$1.run(TestRunner.java:686)
      	at org.testng.TestRunner.runWorkers(TestRunner.java:1010)
      	at org.testng.TestRunner.privateRunJUnit(TestRunner.java:717)
      	at org.testng.TestRunner.run(TestRunner.java:618)
      	at org.testng.SuiteRunner.runTest(SuiteRunner.java:357)
      	at org.testng.SuiteRunner.runSequentially(SuiteRunner.java:352)
      	at org.testng.SuiteRunner.privateRun(SuiteRunner.java:310)
      	at org.testng.SuiteRunner.run(SuiteRunner.java:259)
      	at org.testng.SuiteRunnerWorker.runSuite(SuiteRunnerWorker.java:52)
      	at org.testng.SuiteRunnerWorker.run(SuiteRunnerWorker.java:86)
      	at org.testng.TestNG.runSuitesSequentially(TestNG.java:1199)
      	at org.testng.TestNG.runSuitesLocally(TestNG.java:1124)
      	at org.testng.TestNG.run(TestNG.java:1032)
      	at org.apache.maven.surefire.testng.TestNGExecutor.run(TestNGExecutor.java:132)
      	at org.apache.maven.surefire.testng.TestNGDirectoryTestSuite.executeSingleClass(TestNGDirectoryTestSuite.java:112)
      	at org.apache.maven.surefire.testng.TestNGDirectoryTestSuite.execute(TestNGDirectoryTestSuite.java:99)
      	at org.apache.maven.surefire.testng.TestNGProvider.invoke(TestNGProvider.java:147)
      	at org.apache.maven.surefire.booter.ForkedBooter.invokeProviderInSameClassLoader(ForkedBooter.java:290)
      	at org.apache.maven.surefire.booter.ForkedBooter.runSuitesInProcess(ForkedBooter.java:242)
      	at org.apache.maven.surefire.booter.ForkedBooter.main(ForkedBooter.java:121)
      	at ✽.And I login as admin(features/Login.feature:7)

Current Page URL is https://www.phptravels.net/admin

  Scenario: update profile - read data from excel      # features/Login.feature:14
    When I click Profile                               # Dashboard.i_click_general()
    And I update profile data                          # Dashboard.should_expand()
    Then I should see success message "CHANGES SAVED!" # Dashboard.i_should_see(String)

  Background: check login                                   # features/Login.feature:5
    Given I open website "https://www.phptravels.net/admin" # Cucumber1_stepDefs.i_open_website(String)
    And I login as admin                                    # LoginFeature.login()
      org.picocontainer.injectors.AbstractInjector$UnsatisfiableDependenciesException: step_definitions.LoginFeature has unsatisfied dependency 'interface org.openqa.selenium.WebDriver' for constructor 'public step_definitions.LoginFeature(org.openqa.selenium.WebDriver)' from org.picocontainer.DefaultPicoContainer@51671b08:4<|
      	at org.picocontainer.injectors.ConstructorInjector.getGreediestSatisfiableConstructor(ConstructorInjector.java:191)
      	at org.picocontainer.injectors.ConstructorInjector.getGreediestSatisfiableConstructor(ConstructorInjector.java:110)
      	at org.picocontainer.injectors.ConstructorInjector.access$100(ConstructorInjector.java:51)
      	at org.picocontainer.injectors.ConstructorInjector$1.run(ConstructorInjector.java:331)
      	at org.picocontainer.injectors.AbstractInjector$ThreadLocalCyclicDependencyGuard.observe(AbstractInjector.java:270)
      	at org.picocontainer.injectors.ConstructorInjector.getComponentInstance(ConstructorInjector.java:364)
      	at org.picocontainer.behaviors.AbstractBehavior.getComponentInstance(AbstractBehavior.java:64)
      	at org.picocontainer.behaviors.Stored.getComponentInstance(Stored.java:91)
      	at org.picocontainer.DefaultPicoContainer.getInstance(DefaultPicoContainer.java:699)
      	at org.picocontainer.DefaultPicoContainer.getComponent(DefaultPicoContainer.java:647)
      	at org.picocontainer.DefaultPicoContainer.getComponent(DefaultPicoContainer.java:678)
      	at cucumber.runtime.java.picocontainer.PicoFactory.getInstance(PicoFactory.java:37)
      	at cucumber.runtime.java.JavaStepDefinition.execute(JavaStepDefinition.java:38)
      	at cucumber.runtime.StepDefinitionMatch.runStep(StepDefinitionMatch.java:37)
      	at cucumber.runtime.Runtime.runStep(Runtime.java:299)
      	at cucumber.runtime.model.StepContainer.runStep(StepContainer.java:44)
      	at cucumber.runtime.model.StepContainer.runSteps(StepContainer.java:39)
      	at cucumber.runtime.model.CucumberScenario.runBackground(CucumberScenario.java:59)
      	at cucumber.runtime.model.CucumberScenario.run(CucumberScenario.java:42)
      	at cucumber.runtime.junit.ExecutionUnitRunner.run(ExecutionUnitRunner.java:91)
      	at cucumber.runtime.junit.FeatureRunner.runChild(FeatureRunner.java:63)
      	at cucumber.runtime.junit.FeatureRunner.runChild(FeatureRunner.java:18)
      	at org.junit.runners.ParentRunner$3.run(ParentRunner.java:290)
      	at org.junit.runners.ParentRunner$1.schedule(ParentRunner.java:71)
      	at org.junit.runners.ParentRunner.runChildren(ParentRunner.java:288)
      	at org.junit.runners.ParentRunner.access$000(ParentRunner.java:58)
      	at org.junit.runners.ParentRunner$2.evaluate(ParentRunner.java:268)
      	at org.junit.runners.ParentRunner.run(ParentRunner.java:363)
      	at cucumber.runtime.junit.FeatureRunner.run(FeatureRunner.java:70)
      	at cucumber.api.junit.Cucumber.runChild(Cucumber.java:93)
      	at cucumber.api.junit.Cucumber.runChild(Cucumber.java:37)
      	at org.junit.runners.ParentRunner$3.run(ParentRunner.java:290)
      	at org.junit.runners.ParentRunner$1.schedule(ParentRunner.java:71)
      	at org.junit.runners.ParentRunner.runChildren(ParentRunner.java:288)
      	at org.junit.runners.ParentRunner.access$000(ParentRunner.java:58)
      	at org.junit.runners.ParentRunner$2.evaluate(ParentRunner.java:268)
      	at org.junit.runners.ParentRunner.run(ParentRunner.java:363)
      	at cucumber.api.junit.Cucumber.run(Cucumber.java:98)
      	at org.junit.runner.JUnitCore.run(JUnitCore.java:137)
      	at org.junit.runner.JUnitCore.run(JUnitCore.java:115)
      	at org.testng.junit.JUnit4TestRunner.start(JUnit4TestRunner.java:81)
      	at org.testng.junit.JUnit4TestRunner.run(JUnit4TestRunner.java:69)
      	at org.testng.TestRunner$1.run(TestRunner.java:686)
      	at org.testng.TestRunner.runWorkers(TestRunner.java:1010)
      	at org.testng.TestRunner.privateRunJUnit(TestRunner.java:717)
      	at org.testng.TestRunner.run(TestRunner.java:618)
      	at org.testng.SuiteRunner.runTest(SuiteRunner.java:357)
      	at org.testng.SuiteRunner.runSequentially(SuiteRunner.java:352)
      	at org.testng.SuiteRunner.privateRun(SuiteRunner.java:310)
      	at org.testng.SuiteRunner.run(SuiteRunner.java:259)
      	at org.testng.SuiteRunnerWorker.runSuite(SuiteRunnerWorker.java:52)
      	at org.testng.SuiteRunnerWorker.run(SuiteRunnerWorker.java:86)
      	at org.testng.TestNG.runSuitesSequentially(TestNG.java:1199)
      	at org.testng.TestNG.runSuitesLocally(TestNG.java:1124)
      	at org.testng.TestNG.run(TestNG.java:1032)
      	at org.apache.maven.surefire.testng.TestNGExecutor.run(TestNGExecutor.java:132)
      	at org.apache.maven.surefire.testng.TestNGDirectoryTestSuite.executeSingleClass(TestNGDirectoryTestSuite.java:112)
      	at org.apache.maven.surefire.testng.TestNGDirectoryTestSuite.execute(TestNGDirectoryTestSuite.java:99)
      	at org.apache.maven.surefire.testng.TestNGProvider.invoke(TestNGProvider.java:147)
      	at org.apache.maven.surefire.booter.ForkedBooter.invokeProviderInSameClassLoader(ForkedBooter.java:290)
      	at org.apache.maven.surefire.booter.ForkedBooter.runSuitesInProcess(ForkedBooter.java:242)
      	at org.apache.maven.surefire.booter.ForkedBooter.main(ForkedBooter.java:121)
      	at ✽.And I login as admin(features/Login.feature:7)

Current Page URL is https://www.phptravels.net/admin

  Scenario: update profile - read data from excel      # features/Login.feature:20
    When I click Profile                               # Dashboard.i_click_general()
    And I update profile data                          # Dashboard.should_expand()
    Then I should see success message "CHANGES SAVED!" # Dashboard.i_should_see(String)
